0000000000000000 T __code_start
0000000000000000 A __start__
0000000000000000 T _start
0000000000000000 b _TLS_MODULE_BASE_
0000000000000000 0000000000000004 b fsdev_last_result
0000000000000004 0000000000000004 b g_fsPriority
0000000000000008 0000000000000401 B __nx_dev_path_buf
0000000000000108 T __nx_exit
0000000000000118 T __nx_mod0
0000000000000140 0000000000000054 T std::__throw_logic_error(char const*)
0000000000000194 0000000000000054 T std::__throw_length_error(char const*)
00000000000001e8 0000000000000180 W std::__cxx11::basic_string<char, std::char_traits<char>, std::allocator<char> >::_M_replace_cold(char*, unsigned long, char const*, unsigned long, unsigned long)
0000000000000368 0000000000000034 W __gnu_cxx::__throw_concurrence_lock_error()
000000000000039c 0000000000000034 W __gnu_cxx::__throw_concurrence_unlock_error()
00000000000003d0 0000000000000034 t _GLOBAL__sub_D_eh_globals.cc
0000000000000410 0000000000000034 T exit
0000000000000450 000000000000087c T main
0000000000000cd0 0000000000000204 t _GLOBAL__sub_I_eh_alloc.cc
0000000000000ee0 0000000000000038 t _GLOBAL__sub_I_eh_globals.cc
0000000000000f20 t __do_global_dtors_aux
0000000000000f70 t frame_dummy
0000000000000fa0 0000000000000298 W std::__cxx11::to_string(int)
0000000000001240 00000000000000b0 T gen_oem_year()
00000000000012f0 00000000000000cc T gen_5digits_oem()
00000000000013c0 000000000000017c T gen_3digits_retail()
0000000000001540 00000000000000d8 T gen_7digits_retail()
0000000000001620 0000000000000128 W std::__cxx11::basic_string<char, std::char_traits<char>, std::allocator<char> > std::operator+<char, std::char_traits<char>, std::allocator<char> >(std::__cxx11::basic_string<char, std::char_traits<char>, std::allocator<char> >&&, std::__cxx11::basic_string<char, std::char_traits<char>, std::allocator<char> >&&)
0000000000001750 0000000000000024 t _appletInfiniteSleepLoop
0000000000001780 0000000000000108 t _appletCmdGetSession
0000000000001890 00000000000000cc t _appletCmdInU8NoOut
0000000000001960 0000000000000104 t _appletGetLaunchReason
0000000000001a70 00000000000000e4 t _appletSetFocusHandlingMode
0000000000001b60 00000000000000cc t _appletCmdInU32NoOut
0000000000001c30 0000000000000138 t _appletGetSessionProxy.constprop.0
0000000000001d70 0000000000000154 t _appletOpenLibraryAppletProxy.constprop.0
0000000000001ed0 00000000000000d0 t _appletCmdGetHandle.constprop.0.isra.0
0000000000001fa0 00000000000000d4 t _appletCmdNoInOutU8.isra.0
0000000000002080 00000000000000d4 t _appletCmdNoInOutU32.isra.0
0000000000002160 00000000000000d4 t _appletCmdNoInOutU64.isra.0
0000000000002240 00000000000000c0 t _appletCmdNoIO.isra.0
0000000000002300 0000000000000010 T appletGetAppletType
0000000000002310 0000000000000114 T appletSetFocusHandlingMode
0000000000002430 000000000000005c T appletSetCpuBoostMode
0000000000002490 000000000000002c T appletCreateManagedDisplayLayer
00000000000024c0 000000000000000c T appletGetAppletResourceUserId
00000000000024d0 00000000000000f4 t _appletGetIndirectLayerConsumerHandle
00000000000025d0 0000000000000088 t _appletHolderCreateState
0000000000002660 00000000000000ac T appletHolderClose
0000000000002710 0000000000000024 T appletHolderGetLibraryAppletInfo
0000000000002740 0000000000000090 T appletNotifyRunning
00000000000027d0 000000000000008c T appletSetGamePlayRecordingState
0000000000002860 0000000000000ad4 t _appletCleanup
0000000000003340 0000000000000044 T appletExit
0000000000003390 0000000000000040 T appletGetLibraryAppletInfo
00000000000033d0 0000000000000a94 T appletInitialize
0000000000003e70 0000000000000024 t _appletExitProcess
0000000000003ea0 0000000000000074 T appletGetMessage
0000000000003f20 000000000000028c T appletProcessMessage
00000000000041b0 0000000000000034 T appletMainLoop
00000000000041f0 0000000000000014 T hosversionGet
0000000000004210 0000000000000010 T hosversionSet
0000000000004220 0000000000000208 T envSetup
0000000000004430 0000000000000020 T envGetMainThreadHandle
0000000000004450 000000000000000c T envIsNso
0000000000004460 0000000000000014 T envHasHeapOverride
0000000000004480 000000000000000c T envGetHeapOverrideAddr
0000000000004490 000000000000000c T envGetHeapOverrideSize
00000000000044a0 0000000000000014 T envHasArgv
00000000000044c0 000000000000000c T envGetArgv
00000000000044d0 000000000000000c T envGetExitFuncPtr
00000000000044e0 000000000000000c T envSetExitFuncPtr
00000000000044f0 000000000000000c T envHasRandomSeed
0000000000004500 0000000000000010 T envGetRandomSeed
0000000000004510 000000000000005c t _padUpdateWithCommonState
0000000000004570 000000000000009c T padConfigureInput
0000000000004610 0000000000000240 T padUpdate
0000000000004850 000000000000001c W diagAbortWithResult
0000000000004870 0000000000000048 t consoleDrawChar
00000000000048c0 000000000000020c t parseColor
0000000000004ad0 00000000000000b0 t consoleNewRow
0000000000004b80 0000000000000c98 t con_write
0000000000005820 0000000000000154 T consoleInit
0000000000005980 00000000000001c8 t ConsoleSwRenderer_drawChar
0000000000005b50 00000000000000f8 t ConsoleSwRenderer_init
0000000000005c50 0000000000000070 t ConsoleSwRenderer_flushAndSwap
0000000000005cc0 00000000000000d0 t ConsoleSwRenderer_scrollWindow
0000000000005d90 000000000000004c t ConsoleSwRenderer_deinit
0000000000005de0 000000000000000c W getDefaultConsoleRenderer
0000000000005dec T svcSetHeapSize
0000000000005e00 T svcSetMemoryAttribute
0000000000005e08 T svcUnmapMemory
0000000000005e10 T svcQueryMemory
0000000000005e24 T svcExitProcess
0000000000005e2c T svcSleepThread
0000000000005e34 T svcMapSharedMemory
0000000000005e3c T svcUnmapSharedMemory
0000000000005e44 T svcCreateTransferMemory
0000000000005e58 T svcCloseHandle
0000000000005e60 T svcResetSignal
0000000000005e68 T svcWaitSynchronization
0000000000005e7c T svcArbitrateLock
0000000000005e84 T svcArbitrateUnlock
0000000000005e8c T svcWaitProcessWideKeyAtomic
0000000000005e94 T svcSignalProcessWideKey
0000000000005e9c T svcConnectToNamedPort
0000000000005eb0 T svcSendSyncRequest
0000000000005eb8 T svcBreak
0000000000005ec0 T svcReturnFromException
0000000000005ec8 T svcGetInfo
0000000000005edc T svcUnmapTransferMemory
0000000000005ef0 00000000000000a8 T tmemCreate
0000000000005fa0 0000000000000034 T tmemUnmap
0000000000005fe0 0000000000000038 T tmemCloseHandle
0000000000006020 00000000000000f0 T tmemWaitForPermission
0000000000006110 0000000000000054 T tmemClose
0000000000006170 0000000000000524 T waitObjects
00000000000066a0 0000000000000080 T mutexLock
0000000000006720 0000000000000068 T mutexUnlock
0000000000006790 000000000000001c T mutexIsLockedByCurrentThread
00000000000067b0 000000000000004c T rmutexLock
0000000000006800 000000000000001c T rmutexUnlock
0000000000006820 0000000000000064 t _memregionInitWithInfo
0000000000006890 0000000000000004 W __libnx_virtmem_rng
00000000000068a0 000000000000016c t _memregionFindRandom
0000000000006a10 0000000000000120 T virtmemSetup
0000000000006b30 000000000000000c T virtmemLock
0000000000006b40 000000000000000c T virtmemUnlock
0000000000006b50 0000000000000050 T virtmemFindAslr
0000000000006ba0 000000000000000c T eventLoadRemote
0000000000006bb0 0000000000000038 T eventWait
0000000000006bf0 0000000000000050 T eventClose
0000000000006c40 00000000000003d4 T randomGet
0000000000007020 0000000000000020 T randomGet64
0000000000007040 00000000000000c0 t _apmCleanup
0000000000007100 00000000000000fc t _apmCmdGetSession.constprop.0
0000000000007200 00000000000000a0 T apmInitialize
00000000000072a0 0000000000000044 T apmExit
00000000000072f0 00000000000000c8 T apmSetPerformanceConfiguration
00000000000073c0 00000000000000d0 t _smCmifCmdInPid
0000000000007490 0000000000000068 t _smCleanup
0000000000007500 0000000000000048 T smAddOverrideHandle
0000000000007550 0000000000000054 T smGetServiceOverride
00000000000075b0 00000000000001c0 T smInitialize
0000000000007770 0000000000000044 T smExit
00000000000077c0 00000000000000d0 T smGetServiceOriginal
0000000000007890 0000000000000120 T smGetServiceWrapper
00000000000079b0 0000000000000108 t _hidCleanup
0000000000007ac0 00000000000000d8 t _hidCmdInAruidNoOut
0000000000007ba0 00000000000000e4 t _hidCmdInU32AruidNoOut
0000000000007c90 00000000000001a8 t _hidGetStates
0000000000007e40 0000000000000114 t _hidCreateAppletResource.constprop.0
0000000000007f60 00000000000000c8 t _hidCmdGetHandle.constprop.0
0000000000008030 00000000000000dc T hidInitialize
0000000000008110 0000000000000044 T hidExit
0000000000008160 000000000000000c T hidGetSharedmemAddr
0000000000008170 0000000000000094 T hidGetNpadStyleSet
0000000000008210 000000000000006c T hidInitializeNpad
0000000000008280 00000000000000ac T hidGetNpadStatesFullKey
0000000000008330 00000000000000ac T hidGetNpadStatesHandheld
00000000000083e0 00000000000000ac T hidGetNpadStatesJoyDual
0000000000008490 00000000000000ac T hidGetNpadStatesJoyLeft
0000000000008540 00000000000000ac T hidGetNpadStatesJoyRight
00000000000085f0 0000000000000164 T hidGetNpadStatesGc
0000000000008760 00000000000000b0 T hidGetNpadStatesSystemExt
0000000000008810 0000000000000008 T hidSetSupportedNpadStyleSet
0000000000008820 0000000000000100 T hidSetSupportedNpadIdType
0000000000008920 000000000000000c T nwindowGetDefault
0000000000008930 00000000000000b0 T __nx_win_init
00000000000089e0 0000000000000034 T __nx_win_exit
0000000000008a20 000000000000008c T framebufferMakeLinear
0000000000008ab0 0000000000000080 T framebufferClose
0000000000008b30 00000000000002b0 T framebufferCreate
0000000000008de0 0000000000000088 T framebufferBegin
0000000000008e70 000000000000018c T framebufferEnd
0000000000009000 0000000000000024 T nwindowIsValid
0000000000009030 000000000000007c T nwindowClose
00000000000090b0 00000000000000f4 T nwindowCreate
00000000000091b0 0000000000000034 T nwindowCreateFromLayer
00000000000091f0 0000000000000084 T nwindowSetDimensions
0000000000009280 000000000000018c T nwindowConfigureBuffer
0000000000009410 00000000000001e0 T nwindowDequeueBuffer
00000000000095f0 000000000000013c T nwindowQueueBuffer
0000000000009730 0000000000000094 T nwindowReleaseBuffers
00000000000097d0 00000000000000a4 T __nx_dynamic
0000000000009880 00000000000000d4 W __libnx_initheap
0000000000009960 00000000000000ec W __appInit
0000000000009a50 0000000000000044 W __appExit
0000000000009aa0 000000000000002c W __libnx_init
0000000000009ad0 0000000000000020 W __libnx_exit
0000000000009af0 0000000000000004 W __libnx_alloc
0000000000009b00 0000000000000014 W __libnx_aligned_alloc
0000000000009b20 0000000000000004 W __libnx_free
0000000000009b30 000000000000001c T __syscall_exit
0000000000009b50 0000000000000004 T __syscall_lock_acquire
0000000000009b60 0000000000000004 T __syscall_lock_release
0000000000009b70 0000000000000004 T __syscall_lock_acquire_recursive
0000000000009b80 0000000000000004 T __syscall_lock_release_recursive
0000000000009b90 000000000000001c T __syscall_cond_broadcast
0000000000009bb0 000000000000003c T __syscall_cond_wait
0000000000009bf0 0000000000000044 T __syscall_tls_create
0000000000009c40 0000000000000018 T __syscall_tls_set
0000000000009c60 0000000000000004 T __syscall_tls_get
0000000000009c70 0000000000000018 T __syscall_tls_delete
0000000000009c90 0000000000000228 T __libnx_init_time
0000000000009ec0 0000000000000084 T newlibSetup
0000000000009f50 00000000000002f8 W argvSetup
000000000000a250 0000000000000014 t fsdev_link
000000000000a270 0000000000000014 t fsdev_dirreset
000000000000a290 0000000000000014 t fsdev_chmod
000000000000a2b0 0000000000000018 t error_cmp
000000000000a2d0 0000000000000020 t fsdev_dirclose
000000000000a2f0 000000000000001c t fsdev_close
000000000000a310 0000000000000080 t fsdev_converttimetoutc
000000000000a390 00000000000000e0 t fsdevFindDevice.part.0
000000000000a470 00000000000001c0 t fsdev_fixpath
000000000000a630 00000000000000a0 t _fsdevUnmountDeviceStruct.part.0
000000000000a6d0 0000000000000014 t fsdev_fchmod
000000000000a6f0 0000000000000108 t fsdev_diropen
000000000000a800 00000000000000fc t fsdev_statvfs
000000000000a900 000000000000007c t fsdev_fsync
000000000000a980 00000000000000f4 t fsdev_fstat
000000000000aa80 0000000000000094 t fsdev_ftruncate
000000000000ab20 00000000000001fc t fsdev_stat
000000000000ad20 000000000000014c t fsdev_rename
000000000000ae70 0000000000000140 t fsdev_chdir
000000000000afb0 00000000000000a4 t fsdev_mkdir
000000000000b060 00000000000000a4 t fsdev_unlink
000000000000b110 00000000000000a4 t fsdev_rmdir
000000000000b1c0 0000000000000144 t fsdev_write_safe
000000000000b310 000000000000013c t fsdev_read_safe
000000000000b450 0000000000000100 t fsdev_read
000000000000b550 00000000000001b8 t fsdev_dirnext
000000000000b710 0000000000000124 t fsdev_write
000000000000b840 00000000000000ec t fsdev_seek
000000000000b930 0000000000000244 t fsdev_open
000000000000bb80 0000000000000224 T fsdevMountDevice
000000000000bdb0 0000000000000040 T fsdevMountSdmc
000000000000bdf0 00000000000000c0 T __libnx_init_cwd
000000000000beb0 0000000000000064 T fsdevUnmountAll
000000000000bf20 000000000000012c T decode_utf8
000000000000c04c T armDCacheFlush
000000000000c07c t armDCacheFlush_L0
000000000000c098 W __libnx_exception_entry
000000000000c124 t __libnx_exception_entry_start
000000000000c24c t __libnx_exception_entry_abort
000000000000c250 t __libnx_exception_entry_end
000000000000c258 T __libnx_exception_returnentry
000000000000c270 T __aarch64_read_tp
000000000000c280 0000000000000014 T shmemLoadRemote
000000000000c2a0 0000000000000088 T shmemMap
000000000000c330 0000000000000034 T shmemUnmap
000000000000c370 0000000000000044 T shmemClose
000000000000c3c0 0000000000000064 T condvarWaitTimeout
000000000000c430 00000000000000b0 T __libnx_init_thread
000000000000c4e0 0000000000000010 T threadTlsGet
000000000000c4f0 0000000000000010 T threadTlsSet
000000000000c500 00000000000000d8 T threadTlsAlloc
000000000000c5e0 0000000000000048 T threadTlsFree
000000000000c630 00000000000001dc t _viCleanup
000000000000c810 0000000000000100 t _viCmdGetSessionNoParams.constprop.0
000000000000c910 00000000000000fc t _viCmdGetSession.constprop.0
000000000000ca10 000000000000028c T viInitialize
000000000000cca0 0000000000000044 T viExit
000000000000ccf0 000000000000000c T viGetSession_IHOSBinderDriverRelay
000000000000cd00 0000000000000110 T viOpenDisplay
000000000000ce10 00000000000000f4 T viCloseDisplay
000000000000cf10 00000000000000fc T viCloseLayer
000000000000d010 0000000000000378 T viCreateLayer
000000000000d390 00000000000000d8 T viSetLayerScalingMode
000000000000d470 00000000000000d0 t _nvSetClientPID
000000000000d540 00000000000000c8 t _nvCleanup
000000000000d610 00000000000000d8 t _nvCmdInitialize.constprop.0
000000000000d6f0 000000000000001c W __nx_nv_create_tmem
000000000000d710 0000000000000258 T nvInitialize
000000000000d970 0000000000000044 T nvExit
000000000000d9c0 00000000000000f4 T nvConvertError
000000000000dac0 0000000000000118 T nvOpen
000000000000dbe0 00000000000002fc T nvIoctl
000000000000dee0 00000000000000d8 T nvClose
000000000000dfc0 0000000000000108 T nvQueryEvent
000000000000e0d0 00000000000000b4 t _fsCleanup
000000000000e190 00000000000001a8 t _fsCmdNoIO
000000000000e340 00000000000001d8 t _fsFsCmdWithInPath
000000000000e520 00000000000001f4 t _fsFsCmdWithTwoInPaths
000000000000e720 000000000000025c t _fsFsOpenCommon
000000000000e980 00000000000001ec t _fsFsCmdWithInPathAndOutU64
000000000000eb70 00000000000000f4 t _fsObjectClose
000000000000ec70 00000000000001f4 t _fsCmdGetSession.constprop.0
000000000000ee70 00000000000002f8 T fsInitialize
000000000000f170 0000000000000044 T fsExit
000000000000f1c0 0000000000000008 T fsOpenSdCardFileSystem
000000000000f1d0 00000000000001f0 T fsFsCreateFile
000000000000f3c0 0000000000000008 T fsFsDeleteFile
000000000000f3d0 0000000000000008 T fsFsCreateDirectory
000000000000f3e0 0000000000000008 T fsFsDeleteDirectory
000000000000f3f0 0000000000000008 T fsFsRenameFile
000000000000f400 0000000000000008 T fsFsRenameDirectory
000000000000f410 00000000000001f0 T fsFsGetEntryType
000000000000f600 0000000000000008 T fsFsOpenFile
000000000000f610 0000000000000008 T fsFsOpenDirectory
000000000000f620 0000000000000008 T fsFsGetFreeSpace
000000000000f630 0000000000000008 T fsFsGetTotalSpace
000000000000f640 0000000000000230 T fsFsGetFileTimeStampRaw
000000000000f870 0000000000000004 T fsFsClose
000000000000f880 0000000000000218 T fsFileRead
000000000000faa0 0000000000000200 T fsFileWrite
000000000000fca0 0000000000000008 T fsFileFlush
000000000000fcb0 00000000000001b8 T fsFileSetSize
000000000000fcb0 00000000000001b8 t fsFileSetSize.localalias
000000000000fe70 00000000000001c4 T fsFileGetSize
000000000000fe70 00000000000001c4 t fsFileGetSize.localalias
0000000000010040 0000000000000004 T fsFileClose
0000000000010050 0000000000000004 T fsDirClose
0000000000010060 00000000000001fc T fsDirRead
0000000000010260 00000000000000d4 t _setsysGetFirmwareVersionImpl
0000000000010340 0000000000000068 t _setsysCleanup
00000000000103b0 00000000000000a0 T setsysInitialize
0000000000010450 0000000000000044 T setsysExit
00000000000104a0 0000000000000044 T setsysGetFirmwareVersion
00000000000104f0 0000000000000228 t _timeCleanup
0000000000010720 0000000000000100 t _timeCmdGetSession.constprop.0
0000000000010820 00000000000000cc t _timeGetSharedMemoryNativeHandle.constprop.0
00000000000108f0 00000000000000c4 t _timeCmdNoInOutU64.constprop.0.isra.0
00000000000109c0 0000000000000110 t _timeReadClockFromSharedMem
0000000000010ad0 0000000000000238 T timeInitialize
0000000000010d10 0000000000000044 T timeExit
0000000000010d60 0000000000000038 T timeGetServiceSession_SystemClock
0000000000010da0 0000000000000068 T timeGetCurrentTime
0000000000010e10 0000000000000110 T timeToCalendarTimeWithMyRule
0000000000010f20 0000000000000104 T timeToPosixTimeWithMyRule
0000000000011030 000000000000007c t _nvFenceCleanup
00000000000110b0 0000000000000098 T nvFenceInit
0000000000011150 0000000000000044 T nvFenceExit
00000000000111a0 0000000000000240 T nvFenceWait
00000000000113e0 0000000000000074 T nvMultiFenceWait
0000000000011460 00000000000000b4 T nvMapInit
0000000000011520 000000000000006c T nvMapExit
0000000000011590 0000000000000080 T nvMapClose
0000000000011610 0000000000000154 T nvMapCreate
0000000000011770 0000000000000028 T nvioctlNvhostCtrl_EventSignal
00000000000117a0 0000000000000044 T nvioctlNvhostCtrl_EventWait
00000000000117f0 0000000000000030 T nvioctlNvhostCtrl_EventWaitAsync
0000000000011820 0000000000000028 T nvioctlNvhostCtrl_EventRegister
0000000000011850 0000000000000028 T nvioctlNvhostCtrl_EventUnregister
0000000000011880 0000000000000040 T nvioctlNvmap_Create
00000000000118c0 0000000000000038 T nvioctlNvmap_Alloc
0000000000011900 0000000000000034 T nvioctlNvmap_Free
0000000000011940 0000000000000040 T nvioctlNvmap_GetId
0000000000011980 00000000000000d8 T bqRequestBuffer
0000000000011a60 0000000000000160 T bqDequeueBuffer
0000000000011bc0 00000000000000dc T bqQueueBuffer
0000000000011ca0 0000000000000094 T bqCancelBuffer
0000000000011d40 00000000000000e4 T bqConnect
0000000000011e30 000000000000009c T bqDisconnect
0000000000011ed0 000000000000017c T bqSetPreallocatedBuffer
0000000000012050 000000000000001c T binderCreate
0000000000012070 00000000000003d0 T binderTransactParcel
0000000000012440 00000000000000e8 T binderConvertErrorCode
0000000000012530 0000000000000124 T binderAdjustRefcount
0000000000012660 0000000000000098 T binderInitSession
0000000000012700 0000000000000068 T binderClose
0000000000012770 0000000000000158 T binderGetNativeHandle
00000000000128d0 0000000000000030 T parcelCreate
0000000000012900 000000000000019c T parcelTransact
0000000000012aa0 0000000000000088 T parcelWriteData
0000000000012b30 0000000000000098 T parcelReadData
0000000000012bd0 0000000000000020 T parcelWriteInt32
0000000000012bf0 0000000000000020 T parcelWriteUInt32
0000000000012c10 000000000000007c T parcelWriteString16
0000000000012c90 0000000000000030 T parcelWriteInterfaceToken
0000000000012cc0 0000000000000024 T parcelReadInt32
0000000000012cf0 0000000000000068 T parcelReadFlattenedObject
0000000000012d60 000000000000004c T parcelWriteFlattenedObject
0000000000012db0 00000000000000c4 T nxlinkSetup
0000000000012e80 0000000000000178 T sessionmgrCreate
0000000000013000 0000000000000084 T sessionmgrClose
0000000000013090 00000000000000b4 T sessionmgrAttachClient
0000000000013150 0000000000000070 T sessionmgrDetachClient
00000000000131c0 000000000000005c W std::__cxx11::basic_string<char, std::char_traits<char>, std::allocator<char> >::_M_create(unsigned long&, unsigned long)
0000000000013220 0000000000000018 W std::__cxx11::basic_string<char, std::char_traits<char>, std::allocator<char> >::_M_dispose()
0000000000013240 0000000000000098 W std::__cxx11::basic_string<char, std::char_traits<char>, std::allocator<char> >::_M_construct(unsigned long, char)
00000000000132e0 0000000000000124 W std::__cxx11::basic_string<char, std::char_traits<char>, std::allocator<char> >::_M_mutate(unsigned long, unsigned long, char const*, unsigned long)
0000000000013410 0000000000000088 W std::__cxx11::basic_string<char, std::char_traits<char>, std::allocator<char> >::basic_string(std::__cxx11::basic_string<char, std::char_traits<char>, std::allocator<char> >&&)
0000000000013410 0000000000000088 W std::__cxx11::basic_string<char, std::char_traits<char>, std::allocator<char> >::basic_string(std::__cxx11::basic_string<char, std::char_traits<char>, std::allocator<char> >&&)
00000000000134a0 000000000000019c W std::__cxx11::basic_string<char, std::char_traits<char>, std::allocator<char> >::_M_replace(unsigned long, unsigned long, char const*, unsigned long)
0000000000013640 00000000000000c0 W std::__cxx11::basic_string<char, std::char_traits<char>, std::allocator<char> >::_M_append(char const*, unsigned long)
0000000000013700 0000000000000054 W std::__cxx11::basic_string<char, std::char_traits<char>, std::allocator<char> >::append(char const*)
0000000000013760 000000000000000c T std::bad_alloc::what() const
0000000000013770 0000000000000014 T std::bad_alloc::~bad_alloc()
0000000000013770 0000000000000014 T std::bad_alloc::~bad_alloc()
0000000000013790 0000000000000028 T std::bad_alloc::~bad_alloc()
00000000000137c0 0000000000000004 T operator delete(void*)
00000000000137d0 0000000000000004 T operator delete(void*, unsigned long)
00000000000137e0 000000000000000c W __gnu_cxx::__concurrence_lock_error::what() const
00000000000137f0 000000000000000c W __gnu_cxx::__concurrence_unlock_error::what() const
0000000000013800 0000000000000014 W __gnu_cxx::__concurrence_lock_error::~__concurrence_lock_error()
0000000000013800 0000000000000014 W __gnu_cxx::__concurrence_lock_error::~__concurrence_lock_error()
0000000000013820 0000000000000038 W __gnu_cxx::__concurrence_lock_error::~__concurrence_lock_error()
0000000000013860 0000000000000014 W __gnu_cxx::__concurrence_unlock_error::~__concurrence_unlock_error()
0000000000013860 0000000000000014 W __gnu_cxx::__concurrence_unlock_error::~__concurrence_unlock_error()
0000000000013880 0000000000000038 W __gnu_cxx::__concurrence_unlock_error::~__concurrence_unlock_error()
00000000000138c0 0000000000000118 t (anonymous namespace)::pool::free(void*) [clone .constprop.0]
00000000000139e0 00000000000000c8 t (anonymous namespace)::pool::allocate(unsigned long) [clone .constprop.0]
0000000000013ab0 0000000000000058 T __cxa_allocate_exception
0000000000013b10 000000000000002c T __cxa_free_exception
0000000000013b40 000000000000009c T __cxa_begin_catch
0000000000013be0 0000000000000004 T std::exception::~exception()
0000000000013be0 0000000000000004 T std::exception::~exception()
0000000000013bf0 0000000000000044 t eh_globals_dtor(void*)
0000000000013c40 0000000000000078 T __cxa_get_globals
0000000000013cc0 000000000000007c t get_adjusted_ptr(std::type_info const*, std::type_info const*, void**)
0000000000013d40 0000000000000140 t read_encoded_value_with_base(unsigned char, unsigned long, unsigned char const*, unsigned long*)
0000000000013e80 000000000000005c t base_of_encoded_value(unsigned char, _Unwind_Context*)
0000000000013ee0 0000000000000108 t check_exception_spec(lsda_header_info*, std::type_info const*, void*, long)
0000000000013ff0 00000000000000e8 t parse_lsda_header(_Unwind_Context*, unsigned char const*, lsda_header_info*)
00000000000140e0 000000000000059c T __gxx_personality_v0
0000000000014680 0000000000000018 T __cxxabiv1::__terminate(void (*)())
00000000000146a0 0000000000000010 T std::get_terminate()
00000000000146b0 0000000000000010 T std::terminate()
00000000000146c0 0000000000000010 T __cxxabiv1::__unexpected(void (*)())
00000000000146d0 0000000000000010 T std::get_unexpected()
00000000000146e0 0000000000000010 T std::unexpected()
00000000000146f0 0000000000000064 t __gxx_exception_cleanup(_Unwind_Reason_Code, _Unwind_Exception*)
0000000000014760 0000000000000058 T __cxa_init_primary_exception
00000000000147c0 0000000000000060 T __cxa_throw
0000000000014820 0000000000000068 T operator new(unsigned long)
0000000000014890 0000000000000014 T __cxxabiv1::__si_class_type_info::~__si_class_type_info()
0000000000014890 0000000000000014 T __cxxabiv1::__si_class_type_info::~__si_class_type_info()
00000000000148b0 0000000000000028 T __cxxabiv1::__si_class_type_info::~__si_class_type_info()
00000000000148e0 000000000000015c T __cxxabiv1::__si_class_type_info::__do_dyncast(long, __cxxabiv1::__class_type_info::__sub_kind, __cxxabiv1::__class_type_info const*, void const*, __cxxabiv1::__class_type_info const*, void const*, __cxxabiv1::__class_type_info::__dyncast_result&) const
0000000000014a40 000000000000008c T __cxxabiv1::__si_class_type_info::__do_find_public_src(long, void const*, __cxxabiv1::__class_type_info const*, void const*) const
0000000000014ad0 0000000000000064 T __cxxabiv1::__si_class_type_info::__do_upcast(__cxxabiv1::__class_type_info const*, void const*, __cxxabiv1::__class_type_info::__upcast_result&) const
0000000000014b40 0000000000000004 T std::type_info::~type_info()
0000000000014b40 0000000000000004 T std::type_info::~type_info()
0000000000014b50 0000000000000008 T std::type_info::__is_pointer_p() const
0000000000014b50 0000000000000008 T std::type_info::__is_function_p() const
0000000000014b60 0000000000000008 T std::logic_error::what() const
0000000000014b60 0000000000000008 T std::runtime_error::what() const
0000000000014b70 0000000000000070 T std::logic_error::~logic_error()
0000000000014b70 0000000000000070 T std::logic_error::~logic_error()
0000000000014be0 0000000000000024 T std::logic_error::~logic_error()
0000000000014c10 0000000000000014 T std::length_error::~length_error()
0000000000014c10 0000000000000014 T std::length_error::~length_error()
0000000000014c30 0000000000000024 T std::length_error::~length_error()
0000000000014c60 00000000000000f0 T std::logic_error::logic_error(char const*)
0000000000014c60 00000000000000f0 T std::logic_error::logic_error(char const*)
0000000000014d50 0000000000000030 T std::length_error::length_error(char const*)
0000000000014d50 0000000000000030 T std::length_error::length_error(char const*)
0000000000014d80 0000000000000080 W std::string::_Rep::_S_create(unsigned long, unsigned long, std::allocator<char> const&)
0000000000014e00 0000000000000004 W std::string::_Rep::_M_destroy(std::allocator<char> const&)
0000000000014e10 000000000000006c T __cxxabiv1::__class_type_info::__do_upcast(__cxxabiv1::__class_type_info const*, void**) const
0000000000014e80 0000000000000010 T __cxxabiv1::__class_type_info::__do_find_public_src(long, void const*, __cxxabiv1::__class_type_info const*, void const*) const
0000000000014e90 0000000000000014 T __cxxabiv1::__class_type_info::~__class_type_info()
0000000000014e90 0000000000000014 T __cxxabiv1::__class_type_info::~__class_type_info()
0000000000014eb0 0000000000000028 T __cxxabiv1::__class_type_info::~__class_type_info()
0000000000014ee0 0000000000000078 T __cxxabiv1::__class_type_info::__do_upcast(__cxxabiv1::__class_type_info const*, void const*, __cxxabiv1::__class_type_info::__upcast_result&) const
0000000000014f60 00000000000000b8 T __cxxabiv1::__class_type_info::__do_catch(std::type_info const*, void**, unsigned int) const
0000000000015020 00000000000000f4 T __cxxabiv1::__class_type_info::__do_dyncast(long, __cxxabiv1::__class_type_info::__sub_kind, __cxxabiv1::__class_type_info const*, void const*, __cxxabiv1::__class_type_info const*, void const*, __cxxabiv1::__class_type_info::__dyncast_result&) const
0000000000015120 0000000000000044 T __cxa_call_terminate
0000000000015170 0000000000000010 T std::get_new_handler()
0000000000015180 00000000000002ac t init_dwarf_reg_size_table
0000000000015430 0000000000000160 t uw_install_context_1
0000000000015590 0000000000000190 t read_encoded_value
0000000000015720 00000000000007a0 t execute_stack_op
0000000000015ec0 000000000000030c t uw_update_context_1
00000000000161d0 0000000000000148 t uw_update_context
0000000000016320 000000000000078c t execute_cfa_program_specialized
0000000000016ab0 00000000000007c4 t execute_cfa_program_generic
0000000000017280 0000000000000458 t uw_frame_state_for
00000000000176e0 0000000000000370 t uw_init_context_1
0000000000017a50 000000000000010c t _Unwind_RaiseException_Phase2
0000000000017b60 0000000000000140 t _Unwind_ForcedUnwind_Phase2
0000000000017ca0 0000000000000054 t _Unwind_SetGR
0000000000017d00 0000000000000014 t _Unwind_GetIPInfo
0000000000017d20 0000000000000008 t _Unwind_SetIP
0000000000017d30 0000000000000008 t _Unwind_GetLanguageSpecificData
0000000000017d40 0000000000000008 t _Unwind_GetRegionStart
0000000000017d50 0000000000000008 t _Unwind_GetDataRelBase
0000000000017d60 0000000000000008 t _Unwind_GetTextRelBase
0000000000017d70 0000000000000004 t _Unwind_DebugHook
0000000000017d80 0000000000000174 t _Unwind_RaiseException
0000000000017f00 00000000000000fc t _Unwind_Resume
0000000000018000 000000000000001c t _Unwind_DeleteException
0000000000018020 0000000000000018 t fde_unencoded_compare
0000000000018040 000000000000002c t fde_unencoded_extract
0000000000018070 00000000000000dc t frame_downheap
0000000000018150 0000000000000140 t read_encoded_value_with_base
0000000000018290 0000000000000218 t fde_radixsort
00000000000184b0 0000000000000104 t __deregister_frame_info_bases.part.0
00000000000185c0 0000000000000120 t get_cie_encoding
00000000000186e0 00000000000000d0 t fde_mixed_encoding_extract
00000000000187b0 0000000000000204 t classify_object_over_fdes.constprop.0
00000000000189c0 00000000000000bc t fde_single_encoding_extract
0000000000018a80 00000000000000ac t fde_single_encoding_compare
0000000000018b30 0000000000000104 t fde_mixed_encoding_compare
0000000000018c40 0000000000000218 t add_fdes.isra.0
0000000000018e60 0000000000000274 t linear_search_fdes
00000000000190e0 0000000000000534 t search_object
0000000000019620 0000000000000074 t __register_frame_info
00000000000196a0 0000000000000018 t __deregister_frame_info
00000000000196c0 00000000000001dc t _Unwind_Find_FDE
00000000000198a0 0000000000000084 T printf
0000000000019930 000000000000003c T setenv
0000000000019970 00000000000000d0 T _puts_r
0000000000019a40 0000000000000024 T puts
0000000000019a70 00000000000000b8 T bsearch
0000000000019b30 0000000000000254 T _setenv_r
0000000000019d90 0000000000000018 T abort
0000000000019db0 00000000000000bc T sscanf
0000000000019e70 0000000000000050 T __sread
0000000000019ec0 0000000000000008 T __seofread
0000000000019ed0 000000000000006c T __swrite
0000000000019f40 0000000000000050 T __sseek
0000000000019f90 0000000000000008 T __sclose
0000000000019fa0 000000000000000c T __env_lock
0000000000019fb0 000000000000000c T __env_unlock
0000000000019fc0 000000000000002c T aligned_alloc
0000000000019ff0 0000000000000250 T setvbuf
000000000001a240 0000000000000004 W __call_exitprocs
000000000001a250 0000000000000124 T _malloc_trim_r
000000000001a380 00000000000002d8 T _free_r
000000000001a660 0000000000000024 T malloc
000000000001a690 0000000000000024 T free
000000000001a6b4 0000000000000074 t get_arg
000000000001a728 0000000000002fdc T __ssvfscanf_r
000000000001d710 000000000000080c T _malloc_r
000000000001df20 000000000000002c T getenv
000000000001df50 00000000000000fc T _findenv_r
000000000001e050 000000000000000c T __malloc_lock
000000000001e060 000000000000000c T __malloc_unlock
000000000001e06c 0000000000000804 t get_arg
000000000001e870 0000000000003c28 T _vfprintf_r
0000000000022498 00000000000000d0 t __sbprintf
0000000000022570 00000000000000a4 T _raise_r
0000000000022620 0000000000000024 T raise
0000000000022650 0000000000000200 T __sflush_r
0000000000022850 00000000000000b8 T _fflush_r
0000000000022910 000000000000002c T gmtime
0000000000022940 0000000000000078 T strncat
00000000000229c0 00000000000004cc T __sfvwrite_r
0000000000022e90 00000000000002a0 T gmtime_r
0000000000023130 00000000000000a0 T _fwalk_sglue
00000000000231d0 0000000000000524 T _realloc_r
0000000000023700 0000000000000090 T strncpy
0000000000023790 000000000000001c t stdio_exit_handler
00000000000237b0 000000000000006c t cleanup_stdio
0000000000023820 0000000000000140 t global_stdio_init.part.0
0000000000023960 000000000000000c T __sfp_lock_acquire
0000000000023970 000000000000000c T __sfp_lock_release
0000000000023980 0000000000000054 T __sinit
00000000000239e0 0000000000000024 T srand
0000000000023a10 0000000000000038 T rand
0000000000023a50 0000000000000054 t sulp
0000000000023ab0 0000000000001184 T _strtod_l
0000000000024c40 0000000000000050 T _strtod_r
0000000000024c90 000000000000018c t _strtol_l.part.0
0000000000024e20 0000000000000070 T _strtol_r
0000000000024e90 000000000000002c T realloc
0000000000024ebc 00000000000000d8 T memchr
0000000000024fa0 00000000000001a8 t _strtoul_l.isra.0
0000000000025150 0000000000000044 T _strtoul_r
00000000000251a0 0000000000000048 T strtoul
0000000000025200 00000000000001dc T memset
00000000000253e0 000000000000002c T __locale_mb_cur_max
0000000000025440 0000000000000110 T memcmp
0000000000025550 0000000000000008 T __localeconv_l
0000000000025560 0000000000000028 T _localeconv_r
00000000000255c0 000000000000016c T memcpy
0000000000025730 0000000000000010 T __getreent
0000000000025740 00000000000000e4 T strcmp
0000000000025830 00000000000000e4 T __utf8_wctomb
0000000000025940 00000000000000ac T memmove
0000000000025a24 00000000000000e0 T strnlen
0000000000025ae0 00000000000000dc T strchr
0000000000025bc0 0000000000000140 T strlen
0000000000025d00 00000000000000a4 T stpncpy
0000000000025ddc 00000000000001b8 T strncmp
0000000000025fa0 0000000000000094 T __libc_init_array
0000000000026040 0000000000000044 T __libc_fini_array
0000000000026090 0000000000000014 T __errno
00000000000260b0 000000000000000c T nan
00000000000260c0 000000000000000c T nanf
00000000000260d0 0000000000000078 T frexp
0000000000026150 000000000000018c t _strtoll_l.isra.0
00000000000262e0 0000000000000044 T _strtoll_r
0000000000026330 00000000000001a8 t _strtoull_l.isra.0
00000000000264e0 0000000000000044 T _strtoull_r
0000000000026530 0000000000000008 T iswspace
0000000000026540 00000000000000f0 T _mbrtowc_r
0000000000026630 0000000000000094 T __swhatbuf_r
00000000000266d0 0000000000000104 T __smakebuf_r
00000000000267e0 00000000000000d8 T _wcrtomb_r
00000000000268c0 0000000000000048 T iswspace_l
0000000000026910 0000000000000010 T _wcsrtombs_r
0000000000026920 0000000000000180 T _memalign_r
0000000000026aa0 00000000000000a8 T sprintf
0000000000026b50 00000000000000d4 T __sccl
0000000000026c30 0000000000000084 T category
0000000000026cb4 0000000000000804 t get_arg
00000000000274b8 0000000000000038 T __sprint_r
00000000000274f0 0000000000002984 T _vfiprintf_r
0000000000029e74 00000000000000d0 t __sbprintf
0000000000029f44 00000000000001bc T __ssprint_r
000000000002a100 00000000000000f0 T _sungetc_r
000000000002a1f0 0000000000000070 T __ssrefill_r
000000000002a260 00000000000000e0 T _sfread_r
000000000002a340 000000000000012c T __swsetup_r
000000000002a470 0000000000000118 t rshift
000000000002a590 0000000000000814 T __gethex
000000000002adb0 00000000000001a4 t quorem
000000000002af60 0000000000001198 T _dtoa_r
000000000002c100 0000000000000138 T _fclose_r
000000000002c238 0000000000000804 t get_arg
000000000002ca3c 0000000000003bac T _svfprintf_r
00000000000305f0 0000000000000048 T __match
0000000000030640 0000000000000258 T __hexnan
00000000000308a0 000000000000008c T _Balloc
0000000000030930 000000000000001c T _Bfree
0000000000030950 0000000000000108 T __multadd
0000000000030a60 0000000000000130 T __s2b
0000000000030b90 0000000000000080 T __hi0bits
0000000000030c10 000000000000009c T __lo0bits
0000000000030cb0 000000000000004c T __i2b
0000000000030d00 00000000000001e4 T __multiply
0000000000030ef0 0000000000000100 T __pow5mult
0000000000030ff0 0000000000000170 T __lshift
0000000000031160 0000000000000050 T __mcmp
00000000000311b0 00000000000001cc T __mdiff
0000000000031380 0000000000000084 T __ulp
0000000000031410 0000000000000168 T __b2d
0000000000031580 000000000000015c T __d2b
00000000000316e0 00000000000000ac T __ratio
0000000000031790 0000000000000068 T __copybits
0000000000031800 000000000000006c T __any_on
0000000000031870 00000000000002b8 T __utf8_mbtowc
0000000000031b30 00000000000001ac T _wcsnrtombs_l
0000000000031ce0 0000000000000074 T _wcsnrtombs_r
0000000000031d60 00000000000000b8 T __submore
0000000000031e20 00000000000000c0 T _calloc_r
0000000000031ee0 0000000000000064 T __assert_func
0000000000031f50 0000000000000084 T fiprintf
0000000000031fe0 0000000000000020 T _exit
0000000000032000 0000000000000170 T chdir
0000000000032170 000000000000021c T _concatenate_path
0000000000032390 0000000000000084 T _fstat_r
0000000000032420 0000000000000014 T _getpid_r
0000000000032440 0000000000000050 T __get_handle
0000000000032490 00000000000000f0 T _close_r
0000000000032580 0000000000000008 t null_write
0000000000032590 0000000000000018 T setDefaultDevice
00000000000325b0 0000000000000114 T FindDevice
00000000000326d0 0000000000000034 T RemoveDevice
0000000000032710 00000000000000c8 T AddDevice
00000000000327e0 0000000000000034 T GetDeviceOpTab
0000000000032820 0000000000000008 T _isatty_r
0000000000032830 0000000000000014 T _kill_r
0000000000032850 0000000000000098 T _lseek_r
00000000000328f0 000000000000006c T pthread_mutex_lock
0000000000032960 000000000000006c T pthread_mutex_unlock
00000000000329d0 00000000000000dc T pthread_once
0000000000032ab0 0000000000000024 T pthread_key_create
0000000000032ae0 0000000000000018 T pthread_setspecific
0000000000032b00 0000000000000018 T pthread_getspecific
0000000000032b20 0000000000000018 T pthread_key_delete
0000000000032b40 00000000000000a4 T _read_r
0000000000032bf0 0000000000000078 W _sbrk_r
0000000000032c70 0000000000000014 T __libc_lock_acquire
0000000000032c90 0000000000000014 T __libc_lock_release
0000000000032cb0 0000000000000014 T __libc_lock_acquire_recursive
0000000000032cd0 0000000000000014 T __libc_lock_release_recursive
0000000000032cf0 0000000000000018 T __libc_cond_broadcast
0000000000032d10 0000000000000018 T __libc_cond_wait
0000000000032d30 00000000000000a4 T _write_r
0000000000032de0 0000000000000158 t __extenddftf2
0000000000032f40 00000000000003c4 t __trunctfdf2
0000000000033310 0000000000000070 t __sfp_handle_exceptions
0000000000033380 0000000000000100 T strrchr
0000000000033480 T _init
00000000000334b8 T _fini
0000000000034000 R __rodata_start
0000000000034180 0000000000000014 r CSWTCH.529
00000000000342f0 0000000000000018 r grayScale
0000000000034308 0000000000000006 r colorCube
0000000000034310 0000000000000030 r colorTable
0000000000034340 R default_font_bin
0000000000036340 R default_font_bin_end
0000000000036350 0000000000000038 r g_nvColorFmtTable
00000000000363c0 0000000000000020 r error_table
0000000000036420 0000000000000023 r g_bq_InterfaceDescriptor
00000000000364e8 000000000000000d V typeinfo name for std::bad_alloc
0000000000036590 0000000000000027 V typeinfo name for __gnu_cxx::__concurrence_lock_error
00000000000365b8 0000000000000029 V typeinfo name for __gnu_cxx::__concurrence_unlock_error
00000000000365e8 000000000000000d V typeinfo name for std::exception
00000000000365f8 0000000000000020 V typeinfo name for __cxxabiv1::__forced_unwind
0000000000036618 0000000000000024 V typeinfo name for __cxxabiv1::__foreign_exception
0000000000036640 0000000000000025 V typeinfo name for __cxxabiv1::__si_class_type_info
0000000000036668 000000000000000d V typeinfo name for std::type_info
0000000000036678 0000000000000010 V typeinfo name for std::logic_error
0000000000036688 0000000000000011 V typeinfo name for std::length_error
00000000000366e8 0000000000000022 V typeinfo name for __cxxabiv1::__class_type_info
0000000000036828 0000000000000008 r terminator.0
0000000000036840 0000000000000101 R _ctype_
0000000000036a50 0000000000000022 r basefix.0
0000000000036bd0 0000000000000010 r zeroes.0
0000000000036be0 0000000000000010 r blanks.1
0000000000036c10 0000000000000014 r fpinan.0
0000000000036c28 0000000000000014 r fpi.1
0000000000036c40 0000000000000028 r tinytens
0000000000036cd8 0000000000003528 r categories
000000000003a300 0000000000000010 r zeroes.0
000000000003a310 0000000000000010 r blanks.1
000000000003a320 000000000000006c R __action_table
000000000003a390 000000000000006c R __state_table
000000000003a400 0000000000000100 R __chclass
000000000003a560 0000000000000100 R __hexdig
000000000003a7d0 0000000000000010 r zeroes.0
000000000003a7e0 0000000000000010 r blanks.1
000000000003a830 000000000000000c r p05.0
000000000003a840 0000000000000028 R __mprec_bigtens
000000000003a868 00000000000000c8 R __mprec_tens
000000000003a970 r __EH_FRAME_BEGIN__
000000000003a970 R __eh_frame_hdr_end
000000000003a970 R __eh_frame_hdr_start
0000000000041e54 r __FRAME_END__
0000000000041eb8 a _DYNAMIC
0000000000045000 R __data_start
0000000000045000 t __frame_dummy_init_array_entry
0000000000045000 T __init_array_start
0000000000045000 B __preinit_array_end
0000000000045000 B __preinit_array_start
0000000000045000 D __tdata_lma
0000000000045000 D __tdata_lma_end
0000000000045018 t __do_global_dtors_aux_fini_array_entry
0000000000045018 T __fini_array_start
0000000000045018 T __init_array_end
0000000000045028 T __fini_array_end
0000000000045028 T __got_start__
0000000000045028 a _GLOBAL_OFFSET_TABLE_
0000000000045390 D __got_end__
0000000000045390 0000000000000008 V __nx_applet_init_timeout
0000000000045398 0000000000000001 V __nx_applet_auto_notifyrunning
000000000004539c 0000000000000004 V __nx_applet_type
00000000000453a0 0000000000000100 d dotab_stdout
00000000000454a0 0000000000000008 d currentConsole
00000000000454a8 0000000000000050 d defaultConsole
00000000000454f8 0000000000000088 d s_consoleSwRenderer
0000000000045580 0000000000000008 V __nx_exception_stack_size
0000000000045588 0000000000000001 V __nx_fsdev_support_cwd
000000000004558c 0000000000000004 V __nx_fsdev_direntry_cache_size
0000000000045590 0000000000000100 d fsdev_devoptab
0000000000045690 0000000000000004 d g_viServiceType
0000000000045694 0000000000000004 V __nx_vi_stray_layer_flags
0000000000045698 0000000000000004 V __nx_nv_transfermem_size
000000000004569c 0000000000000004 V __nx_fs_num_sessions
00000000000456a0 0000000000000004 d g_ctrl_fd
00000000000456a4 0000000000000004 d g_nvmap_fd
00000000000456a8 0000000000000008 V DW.ref.__gxx_personality_v0
00000000000456b0 0000000000000018 V typeinfo for std::bad_alloc
00000000000456c8 0000000000000028 V vtable for std::bad_alloc
00000000000456f0 0000000000000018 V typeinfo for __gnu_cxx::__concurrence_lock_error
0000000000045708 0000000000000018 V typeinfo for __gnu_cxx::__concurrence_unlock_error
0000000000045720 0000000000000028 V vtable for __gnu_cxx::__concurrence_lock_error
0000000000045748 0000000000000028 V vtable for __gnu_cxx::__concurrence_unlock_error
0000000000045770 0000000000000010 V typeinfo for std::exception
0000000000045780 0000000000000010 V typeinfo for __cxxabiv1::__forced_unwind
0000000000045790 0000000000000010 V typeinfo for __cxxabiv1::__foreign_exception
00000000000457a0 0000000000000008 D __cxxabiv1::__unexpected_handler
00000000000457a8 0000000000000018 V typeinfo for __cxxabiv1::__si_class_type_info
00000000000457c0 0000000000000058 V vtable for __cxxabiv1::__si_class_type_info
0000000000045818 0000000000000010 V typeinfo for std::type_info
0000000000045828 0000000000000018 V typeinfo for std::logic_error
0000000000045840 0000000000000018 V typeinfo for std::length_error
0000000000045858 0000000000000028 V vtable for std::logic_error
0000000000045880 0000000000000028 V vtable for std::length_error
00000000000458a8 0000000000000018 V typeinfo for __cxxabiv1::__class_type_info
00000000000458c0 0000000000000058 V vtable for __cxxabiv1::__class_type_info
0000000000045918 0000000000000008 D __cxxabiv1::__terminate_handler
0000000000045920 0000000000000008 D environ
0000000000045928 0000000000000008 D __malloc_sbrk_base
0000000000045930 0000000000000008 D __malloc_trim_threshold
0000000000045938 0000000000000810 D __malloc_av_
0000000000046148 0000000000000018 D __sglue
0000000000046160 00000000000001a8 D __global_locale
0000000000046308 0000000000000008 D _impure_ptr
0000000000046310 0000000000000160 D _impure_data
0000000000046470 0000000000000400 d _current_working_directory
0000000000046870 0000000000002000 d handles
0000000000048870 0000000000000010 d __stderr_handle
0000000000048880 0000000000000010 d __stdout_handle
0000000000048890 0000000000000010 d __stdin_handle
00000000000488a0 0000000000000118 D devoptab_list
00000000000489b8 0000000000000100 D dotab_stdnull
0000000000048ab8 0000000000000004 d defaultDevice
0000000000048abc D __bss_start__
0000000000048ac0 b completed.1
0000000000048ac8 b object.0
0000000000048b00 0000000000000001 B gen
0000000000048b04 0000000000000004 B oem_key_day
0000000000048b08 0000000000000004 B digit
0000000000048b10 0000000000000008 B oem_key_year
0000000000048b20 0000000000000014 B oem_key_5
0000000000048b34 0000000000000004 B sum7
0000000000048b40 0000000000000014 B oem_key_5_random
0000000000048b58 000000000000000c B retail_key_1
0000000000048b70 000000000000001c B retail_key_2
0000000000048b8c 0000000000000004 B sw_clock
0000000000048b90 0000000000000001 B display_keys
0000000000048b98 0000000000000008 b g_appletGuard
0000000000048ba0 0000000000000001 b g_appletInfoInitialized
0000000000048ba8 0000000000000050 b g_appletInfo
0000000000048bf8 0000000000000004 b g_appletCpuBoostMode
0000000000048c00 000000000000000c b g_appletLibraryAppletLaunchableEvent
0000000000048c0c 0000000000000001 b g_appletSuspendedTickInitialized
0000000000048c10 0000000000000008 b g_appletSuspendedTick
0000000000048c18 0000000000000008 b g_appletInitTickBase
0000000000048c20 000000000000000c b g_appletSuspendedTickEvent
0000000000048c2c 0000000000000001 b g_appletCopyrightInitialized
0000000000048c30 0000000000000028 b g_appletCopyrightTmem
0000000000048c58 0000000000000004 b g_appletRecordingInitialized
0000000000048c60 0000000000000028 b g_appletRecordingTmem
0000000000048c88 0000000000000018 b g_appletFirstHook
0000000000048ca0 0000000000000001 b g_appletNotifiedRunning
0000000000048ca1 0000000000000001 b g_appletFocusState
0000000000048ca4 0000000000000004 b g_appletPerformanceMode
0000000000048ca8 0000000000000001 b g_appletOperationMode
0000000000048cb0 0000000000000008 b g_appletResourceUserId
0000000000048cb8 000000000000000c b g_appletMessageEvent
0000000000048cc8 0000000000000010 b g_appletIDebugFunctions
0000000000048cd8 0000000000000010 b g_appletIDisplayController
0000000000048ce8 0000000000000010 b g_appletIAudioController
0000000000048cf8 0000000000000010 b g_appletIWindowController
0000000000048d08 0000000000000010 b g_appletISelfController
0000000000048d18 0000000000000010 b g_appletICommonStateGetter
0000000000048d28 0000000000000010 b g_appletILibraryAppletCreator
0000000000048d38 0000000000000010 b g_appletIProcessWindingController
0000000000048d48 0000000000000010 b g_appletILibraryAppletSelfAccessor
0000000000048d58 0000000000000010 b g_appletIApplicationCreator
0000000000048d68 0000000000000010 b g_appletIGlobalStateController
0000000000048d78 0000000000000010 b g_appletIFunctions
0000000000048d88 0000000000000010 b g_appletIAppletCommonFunctions
0000000000048d98 0000000000000004 b g_appletExitProcessResult
0000000000048d9c 0000000000000001 b g_appletExitProcessFlag
0000000000048d9d 0000000000000001 b g_appletLeftInitialized
0000000000048da0 0000000000000010 b g_appletProxySession
0000000000048db0 0000000000000010 b g_appletSrv
0000000000048dc0 0000000000000004 V __nx_applet_exit_mode
0000000000048dc8 0000000000000008 V __nx_applet_PerformanceConfiguration
0000000000048dd0 0000000000000080 V __nx_applet_AppletAttribute
0000000000048e50 0000000000000004 b g_hosVersion
0000000000048e58 0000000000000008 b g_userIdStorage
0000000000048e60 0000000000000010 b g_randomSeed
0000000000048e70 0000000000000001 b g_hasRandomSeed
0000000000048e74 0000000000000004 b g_lastLoadResult
0000000000048e78 0000000000000008 b g_nextLoadArgv
0000000000048e80 0000000000000008 b g_nextLoadPath
0000000000048e88 0000000000000004 b g_processHandle
0000000000048e90 0000000000000018 b g_syscallHints
0000000000048ea8 0000000000000008 b g_overrideArgv
0000000000048eb0 0000000000000008 b g_overrideHeapSize
0000000000048eb8 0000000000000008 b g_overrideHeapAddr
0000000000048ec0 0000000000000008 b g_loaderRetAddr
0000000000048ec8 0000000000000004 b g_mainThreadHandle
0000000000048ed0 0000000000000008 b g_loaderInfoSize
0000000000048ed8 0000000000000008 b g_loaderInfo
0000000000048ee0 0000000000000001 b g_isNso
0000000000048ee1 0000000000000001 b didFirstConsoleInit.0
0000000000048ee8 0000000000000050 b currentCopy
0000000000048f38 B __stack_top
0000000000048f40 0000000000000001 b g_IsLegacyKernel
0000000000048f48 0000000000000008 b g_Reservations
0000000000048f50 0000000000000010 b g_StackRegion
0000000000048f60 0000000000000010 b g_AslrRegion
0000000000048f70 0000000000000010 b g_HeapRegion
0000000000048f80 0000000000000010 b g_AliasRegion
0000000000048f90 0000000000000004 b g_VirtmemMutex
0000000000048f94 0000000000000004 b g_randMutex
0000000000048f98 0000000000000001 b g_randInit
0000000000048fa0 0000000000000040 b g_chacha
0000000000048fe0 0000000000000008 b g_apmGuard
0000000000048fe8 0000000000000010 b g_apmISession
0000000000048ff8 0000000000000010 b g_apmSrv
0000000000049008 0000000000000008 b g_smGuard
0000000000049010 0000000000000008 b g_smOverridesNum
0000000000049018 0000000000000180 b g_smOverrides
0000000000049198 0000000000000010 b g_smSrv
00000000000491a8 0000000000000008 b g_hidGuard
00000000000491b0 0000000000000008 b g_sevenSixAxisSensorBuffer
00000000000491b8 0000000000000020 b g_hidSharedmem
00000000000491d8 0000000000000010 b g_hidIActiveVibrationDeviceList
00000000000491e8 0000000000000010 b g_hidIAppletResource
00000000000491f8 0000000000000010 b g_hidSrv
0000000000049208 0000000000000080 b g_defaultWin
0000000000049288 0000000000000010 b g_viLayer
0000000000049298 0000000000000050 b g_viDisplay
00000000000492f0 0000000000000340 B __nx_exceptiondump
0000000000049630 0000000000000004 V __nx_exception_ignoredebug
0000000000049640 0000000000000400 V __nx_exception_stack
0000000000049a40 0000000000000008 V __nx_heap_size
0000000000049a48 0000000000000008 b __bootticks
0000000000049a50 0000000000000008 b __boottime
0000000000049a58 0000000000000004 V __nx_time_type
0000000000049a60 0000000000000008 b g_argv_empty
0000000000049a68 0000000000000008 B __system_argv
0000000000049a70 0000000000000004 B __system_argc
0000000000049a78 0000000000002800 b fsdev_fsdevices
000000000004c278 0000000000000004 b fsdev_fsdevice_cwd
000000000004c27c 0000000000000001 b fsdev_initialised
000000000004c280 00000000000000d8 b g_tlsDestructors
000000000004c358 0000000000000008 b g_tlsUsageMask
000000000004c360 0000000000000038 b g_mainThread
000000000004c398 0000000000000008 b g_threadList
000000000004c3a0 0000000000000004 b g_threadMutex
000000000004c3a8 0000000000000008 b g_viGuard
000000000004c3b0 0000000000000010 b g_viIHOSBinderDriverIndirect
000000000004c3c0 0000000000000010 b g_viIManagerDisplayService
000000000004c3d0 0000000000000010 b g_viISystemDisplayService
000000000004c3e0 0000000000000010 b g_viIHOSBinderDriverRelay
000000000004c3f0 0000000000000010 b g_viIApplicationDisplayService
000000000004c400 0000000000000010 b g_viRootService
000000000004c410 0000000000000008 V __nx_vi_layer_id
000000000004c418 0000000000000008 b g_nvGuard
000000000004c420 0000000000000028 b g_nvTransfermem
000000000004c448 0000000000000010 b g_nvSrvClone
000000000004c458 0000000000000010 b g_nvSrv
000000000004c468 0000000000000008 b g_fsGuard
000000000004c470 0000000000000054 b g_fsSessionMgr
000000000004c4c8 0000000000000010 b g_fsSrv
000000000004c4d8 0000000000000008 b g_setsysGuard
000000000004c4e0 0000000000000010 b g_setsysSrv
000000000004c4f0 0000000000000008 b g_timeGuard
000000000004c4f8 0000000000000020 b g_timeSharedmem
000000000004c518 0000000000000010 b g_timeLocalSystemClock
000000000004c528 0000000000000010 b g_timeTimeZoneService
000000000004c538 0000000000000010 b g_timeSteadyClock
000000000004c548 0000000000000010 b g_timeNetworkSystemClock
000000000004c558 0000000000000010 b g_timeUserSystemClock
000000000004c568 0000000000000010 b g_timeSrv
000000000004c578 0000000000000004 V __nx_time_service_type
000000000004c580 0000000000000008 b g_nvFenceGuard
000000000004c588 0000000000000300 b g_NvEvents
000000000004c888 0000000000000008 b g_NvEventUsedMask
000000000004c890 0000000000000008 b g_nvMapGuard
000000000004c898 0000000000000004 B __nxlink_host
000000000004c8a0 0000000000000028 b (anonymous namespace)::emergency_pool
000000000004c8c8 0000000000000004 b init
000000000004c8cc 0000000000000001 B __eh_globals_init::_S_init
000000000004c8d0 0000000000000010 b (anonymous namespace)::eh_globals
000000000004c8e0 0000000000000020 V std::string::_Rep::_S_empty_rep_storage
000000000004c900 0000000000000008 b (anonymous namespace)::__new_handler
000000000004c908 0000000000000004 b once_regsizes.0
000000000004c910 0000000000000062 b dwarf_reg_size_table
000000000004c978 0000000000000010 b object_mutex
000000000004c988 0000000000000008 b seen_objects
000000000004c990 0000000000000008 b unseen_objects
000000000004c998 0000000000000004 b alloced.0
000000000004c9a0 0000000000000008 b initial_env
000000000004c9a8 000000000000000c b __env_recursive_mutex
000000000004c9b8 0000000000000028 B __malloc_current_mallinfo
000000000004c9e0 0000000000000008 B __malloc_max_total_mem
000000000004c9e8 0000000000000008 B __malloc_max_sbrked_mem
000000000004c9f0 0000000000000008 B __malloc_top_pad
000000000004c9f8 000000000000000c b __malloc_recursive_mutex
000000000004ca08 000000000000000c b __sfp_recursive_mutex
000000000004ca18 0000000000000228 B __sf
000000000004cc40 0000000000000008 B __stdio_exit_handler
000000000004cc50 0000000000000400 b temp_cwd
000000000004d050 0000000000000004 b __hndl_lock
000000000004d058 0000000000000008 B fake_heap_start
000000000004d060 0000000000000008 B fake_heap_end
000000000004d068 0000000000000004 b __pthread_once_cv
000000000004d06c 0000000000000004 b __pthread_once_lock
000000000004d070 0000000000000008 b heap_start.0
000000000004d078 B __tls_start
000000000004d488 B __bss_end__
000000000004d488 A __end__
000000000004d488 B __tls_end
000000000004e000 A __argdata__
